This file contains any messages produced by compilers while
running configure, to aid debugging if configure makes a mistake.

It was created by configure, which was
generated by GNU Autoconf 2.69.  Invocation command line was

  $ ./configure 

## --------- ##
## Platform. ##
## --------- ##

hostname = retropie
uname -m = armv6l
uname -r = 4.14.30+
uname -s = Linux
uname -v = #1102 Mon Mar 26 16:20:05 BST 2018

/usr/bin/uname -p = unknown
/bin/uname -X     = unknown

/bin/arch              = unknown
/usr/bin/arch -k       = unknown
/usr/convex/getsysinfo = unknown
/usr/bin/hostinfo      = unknown
/bin/machine           = unknown
/usr/bin/oslevel       = unknown
/bin/universe          = unknown

PATH: /usr/local/sbin
PATH: /usr/local/bin
PATH: /usr/sbin
PATH: /usr/bin
PATH: /sbin
PATH: /bin
PATH: /usr/local/games
PATH: /usr/games


## ----------- ##
## Core tests. ##
## ----------- ##

configure:2188: checking for gcc
configure:2204: found /usr/bin/gcc
configure:2215: result: gcc
configure:2444: checking for C compiler version
configure:2453: gcc --version >&5
gcc (Raspbian 6.3.0-18+rpi1+deb9u1) 6.3.0 20170516
Copyright (C) 2016 Free Software Foundation, Inc.
This is free software; see the source for copying conditions.  There is NO
warranty; not even for MERCHANTABILITY or FITNESS FOR A PARTICULAR PURPOSE.

configure:2464: $? = 0
configure:2453: gcc -v >&5
Using built-in specs.
COLLECT_GCC=gcc
COLLECT_LTO_WRAPPER=/usr/lib/gcc/arm-linux-gnueabihf/6/lto-wrapper
Target: arm-linux-gnueabihf
Configured with: ../src/configure -v --with-pkgversion='Raspbian 6.3.0-18+rpi1+deb9u1' --with-bugurl=file:///usr/share/doc/gcc-6/README.Bugs --enable-languages=c,ada,c++,java,go,d,fortran,objc,obj-c++ --prefix=/usr --program-suffix=-6 --program-prefix=arm-linux-gnueabihf- --enable-shared --enable-linker-build-id --libexecdir=/usr/lib --without-included-gettext --enable-threads=posix --libdir=/usr/lib --enable-nls --with-sysroot=/ --enable-clocale=gnu --enable-libstdcxx-debug --enable-libstdcxx-time=yes --with-default-libstdcxx-abi=new --enable-gnu-unique-object --disable-libitm --disable-libquadmath --enable-plugin --with-system-zlib --disable-browser-plugin --enable-java-awt=gtk --enable-gtk-cairo --with-java-home=/usr/lib/jvm/java-1.5.0-gcj-6-armhf/jre --enable-java-home --with-jvm-root-dir=/usr/lib/jvm/java-1.5.0-gcj-6-armhf --with-jvm-jar-dir=/usr/lib/jvm-exports/java-1.5.0-gcj-6-armhf --with-arch-directory=arm --with-ecj-jar=/usr/share/java/eclipse-ecj.jar --with-target-system-zlib --enable-objc-gc=auto --enable-multiarch --disable-sjlj-exceptions --with-arch=armv6 --with-fpu=vfp --with-float=hard --enable-checking=release --build=arm-linux-gnueabihf --host=arm-linux-gnueabihf --target=arm-linux-gnueabihf
Thread model: posix
gcc version 6.3.0 20170516 (Raspbian 6.3.0-18+rpi1+deb9u1) 
configure:2464: $? = 0
configure:2453: gcc -V >&5
gcc: error: unrecognized command line option '-V'
gcc: fatal error: no input files
compilation terminated.
configure:2464: $? = 1
configure:2453: gcc -qversion >&5
gcc: error: unrecognized command line option '-qversion'; did you mean '--version'?
gcc: fatal error: no input files
compilation terminated.
configure:2464: $? = 1
configure:2484: checking whether the C compiler works
configure:2506: gcc    conftest.c  >&5
configure:2510: $? = 0
configure:2558: result: yes
configure:2561: checking for C compiler default output file name
configure:2563: result: a.out
configure:2569: checking for suffix of executables
configure:2576: gcc -o conftest    conftest.c  >&5
configure:2580: $? = 0
configure:2602: result: 
configure:2624: checking whether we are cross compiling
configure:2632: gcc -o conftest    conftest.c  >&5
configure:2636: $? = 0
configure:2643: ./conftest
configure:2647: $? = 0
configure:2662: result: no
configure:2667: checking for suffix of object files
configure:2689: gcc -c   conftest.c >&5
configure:2693: $? = 0
configure:2714: result: o
configure:2718: checking whether we are using the GNU C compiler
configure:2737: gcc -c   conftest.c >&5
configure:2737: $? = 0
configure:2746: result: yes
configure:2755: checking whether gcc accepts -g
configure:2775: gcc -c -g  conftest.c >&5
configure:2775: $? = 0
configure:2816: result: yes
configure:2833: checking for gcc option to accept ISO C89
configure:2896: gcc  -c   conftest.c >&5
configure:2896: $? = 0
configure:2909: result: none needed
configure:2934: checking how to run the C preprocessor
configure:2965: gcc -E  conftest.c
configure:2965: $? = 0
configure:2979: gcc -E  conftest.c
conftest.c:9:28: fatal error: ac_nonexistent.h: No such file or directory
 #include <ac_nonexistent.h>
                            ^
compilation terminated.
configure:2979: $? = 1
configure: failed program was:
| /* confdefs.h */
| #define PACKAGE_NAME ""
| #define PACKAGE_TARNAME ""
| #define PACKAGE_VERSION ""
| #define PACKAGE_STRING ""
| #define PACKAGE_BUGREPORT ""
| #define PACKAGE_URL ""
| /* end confdefs.h.  */
| #include <ac_nonexistent.h>
configure:3004: result: gcc -E
configure:3024: gcc -E  conftest.c
configure:3024: $? = 0
configure:3038: gcc -E  conftest.c
conftest.c:9:28: fatal error: ac_nonexistent.h: No such file or directory
 #include <ac_nonexistent.h>
                            ^
compilation terminated.
configure:3038: $? = 1
configure: failed program was:
| /* confdefs.h */
| #define PACKAGE_NAME ""
| #define PACKAGE_TARNAME ""
| #define PACKAGE_VERSION ""
| #define PACKAGE_STRING ""
| #define PACKAGE_BUGREPORT ""
| #define PACKAGE_URL ""
| /* end confdefs.h.  */
| #include <ac_nonexistent.h>
configure:3109: checking for a BSD-compatible install
configure:3177: result: /usr/bin/install -c
configure:3203: gcc -c  -Wno-unused-function -Wno-deprecated-declarations -Wno-overlength-strings  conftest.c >&5
configure:3203: $? = 0
configure:3211: checking for grep that handles long lines and -e
configure:3269: result: /bin/grep
configure:3274: checking for egrep
configure:3336: result: /bin/grep -E
configure:3341: checking for ANSI C header files
configure:3361: gcc -c  -Wno-unused-function -Wno-deprecated-declarations -Wno-overlength-strings  conftest.c >&5
configure:3361: $? = 0
configure:3434: gcc -o conftest  -Wno-unused-function -Wno-deprecated-declarations -Wno-overlength-strings   conftest.c  >&5
configure:3434: $? = 0
configure:3434: ./conftest
configure:3434: $? = 0
configure:3445: result: yes
configure:3458: checking for sys/types.h
configure:3458: gcc -c  -Wno-unused-function -Wno-deprecated-declarations -Wno-overlength-strings  conftest.c >&5
configure:3458: $? = 0
configure:3458: result: yes
configure:3458: checking for sys/stat.h
configure:3458: gcc -c  -Wno-unused-function -Wno-deprecated-declarations -Wno-overlength-strings  conftest.c >&5
configure:3458: $? = 0
configure:3458: result: yes
configure:3458: checking for stdlib.h
configure:3458: gcc -c  -Wno-unused-function -Wno-deprecated-declarations -Wno-overlength-strings  conftest.c >&5
configure:3458: $? = 0
configure:3458: result: yes
configure:3458: checking for string.h
configure:3458: gcc -c  -Wno-unused-function -Wno-deprecated-declarations -Wno-overlength-strings  conftest.c >&5
configure:3458: $? = 0
configure:3458: result: yes
configure:3458: checking for memory.h
configure:3458: gcc -c  -Wno-unused-function -Wno-deprecated-declarations -Wno-overlength-strings  conftest.c >&5
configure:3458: $? = 0
configure:3458: result: yes
configure:3458: checking for strings.h
configure:3458: gcc -c  -Wno-unused-function -Wno-deprecated-declarations -Wno-overlength-strings  conftest.c >&5
configure:3458: $? = 0
configure:3458: result: yes
configure:3458: checking for inttypes.h
configure:3458: gcc -c  -Wno-unused-function -Wno-deprecated-declarations -Wno-overlength-strings  conftest.c >&5
configure:3458: $? = 0
configure:3458: result: yes
configure:3458: checking for stdint.h
configure:3458: gcc -c  -Wno-unused-function -Wno-deprecated-declarations -Wno-overlength-strings  conftest.c >&5
configure:3458: $? = 0
configure:3458: result: yes
configure:3458: checking for unistd.h
configure:3458: gcc -c  -Wno-unused-function -Wno-deprecated-declarations -Wno-overlength-strings  conftest.c >&5
configure:3458: $? = 0
configure:3458: result: yes
configure:3470: checking whether byte ordering is bigendian
configure:3485: gcc -c  -Wno-unused-function -Wno-deprecated-declarations -Wno-overlength-strings  conftest.c >&5
conftest.c:20:9: error: unknown type name 'not'
         not a universal capable compiler
         ^~~
conftest.c:20:15: error: expected '=', ',', ';', 'asm' or '__attribute__' before 'universal'
         not a universal capable compiler
               ^~~~~~~~~
conftest.c:20:15: error: unknown type name 'universal'
configure:3485: $? = 1
configure: failed program was:
| /* confdefs.h */
| #define PACKAGE_NAME ""
| #define PACKAGE_TARNAME ""
| #define PACKAGE_VERSION ""
| #define PACKAGE_STRING ""
| #define PACKAGE_BUGREPORT ""
| #define PACKAGE_URL ""
| #define STDC_HEADERS 1
| #define HAVE_SYS_TYPES_H 1
| #define HAVE_SYS_STAT_H 1
| #define HAVE_STDLIB_H 1
| #define HAVE_STRING_H 1
| #define HAVE_MEMORY_H 1
| #define HAVE_STRINGS_H 1
| #define HAVE_INTTYPES_H 1
| #define HAVE_STDINT_H 1
| #define HAVE_UNISTD_H 1
| /* end confdefs.h.  */
| #ifndef __APPLE_CC__
| 	       not a universal capable compiler
| 	     #endif
| 	     typedef int dummy;
| 
configure:3530: gcc -c  -Wno-unused-function -Wno-deprecated-declarations -Wno-overlength-strings  conftest.c >&5
configure:3530: $? = 0
configure:3548: gcc -c  -Wno-unused-function -Wno-deprecated-declarations -Wno-overlength-strings  conftest.c >&5
conftest.c: In function 'main':
conftest.c:26:4: error: unknown type name 'not'
    not big endian
    ^~~
conftest.c:26:12: error: expected '=', ',', ';', 'asm' or '__attribute__' before 'endian'
    not big endian
            ^~~~~~
configure:3548: $? = 1
configure: failed program was:
| /* confdefs.h */
| #define PACKAGE_NAME ""
| #define PACKAGE_TARNAME ""
| #define PACKAGE_VERSION ""
| #define PACKAGE_STRING ""
| #define PACKAGE_BUGREPORT ""
| #define PACKAGE_URL ""
| #define STDC_HEADERS 1
| #define HAVE_SYS_TYPES_H 1
| #define HAVE_SYS_STAT_H 1
| #define HAVE_STDLIB_H 1
| #define HAVE_STRING_H 1
| #define HAVE_MEMORY_H 1
| #define HAVE_STRINGS_H 1
| #define HAVE_INTTYPES_H 1
| #define HAVE_STDINT_H 1
| #define HAVE_UNISTD_H 1
| /* end confdefs.h.  */
| #include <sys/types.h>
| 		#include <sys/param.h>
| 
| int
| main ()
| {
| #if BYTE_ORDER != BIG_ENDIAN
| 		 not big endian
| 		#endif
| 
|   ;
|   return 0;
| }
configure:3676: result: no
configure:3749: checking ao/ao.h usability
configure:3749: gcc -c  -Wno-unused-function -Wno-deprecated-declarations -Wno-overlength-strings  conftest.c >&5
conftest.c:52:19: fatal error: ao/ao.h: No such file or directory
 #include <ao/ao.h>
                   ^
compilation terminated.
configure:3749: $? = 1
configure: failed program was:
| /* confdefs.h */
| #define PACKAGE_NAME ""
| #define PACKAGE_TARNAME ""
| #define PACKAGE_VERSION ""
| #define PACKAGE_STRING ""
| #define PACKAGE_BUGREPORT ""
| #define PACKAGE_URL ""
| #define STDC_HEADERS 1
| #define HAVE_SYS_TYPES_H 1
| #define HAVE_SYS_STAT_H 1
| #define HAVE_STDLIB_H 1
| #define HAVE_STRING_H 1
| #define HAVE_MEMORY_H 1
| #define HAVE_STRINGS_H 1
| #define HAVE_INTTYPES_H 1
| #define HAVE_STDINT_H 1
| #define HAVE_UNISTD_H 1
| /* end confdefs.h.  */
| #include <stdio.h>
| #ifdef HAVE_SYS_TYPES_H
| # include <sys/types.h>
| #endif
| #ifdef HAVE_SYS_STAT_H
| # include <sys/stat.h>
| #endif
| #ifdef STDC_HEADERS
| # include <stdlib.h>
| # include <stddef.h>
| #else
| # ifdef HAVE_STDLIB_H
| #  include <stdlib.h>
| # endif
| #endif
| #ifdef HAVE_STRING_H
| # if !defined STDC_HEADERS && defined HAVE_MEMORY_H
| #  include <memory.h>
| # endif
| # include <string.h>
| #endif
| #ifdef HAVE_STRINGS_H
| # include <strings.h>
| #endif
| #ifdef HAVE_INTTYPES_H
| # include <inttypes.h>
| #endif
| #ifdef HAVE_STDINT_H
| # include <stdint.h>
| #endif
| #ifdef HAVE_UNISTD_H
| # include <unistd.h>
| #endif
| #include <ao/ao.h>
configure:3749: result: no
configure:3749: checking ao/ao.h presence
configure:3749: gcc -E  conftest.c
conftest.c:19:19: fatal error: ao/ao.h: No such file or directory
 #include <ao/ao.h>
                   ^
compilation terminated.
configure:3749: $? = 1
configure: failed program was:
| /* confdefs.h */
| #define PACKAGE_NAME ""
| #define PACKAGE_TARNAME ""
| #define PACKAGE_VERSION ""
| #define PACKAGE_STRING ""
| #define PACKAGE_BUGREPORT ""
| #define PACKAGE_URL ""
| #define STDC_HEADERS 1
| #define HAVE_SYS_TYPES_H 1
| #define HAVE_SYS_STAT_H 1
| #define HAVE_STDLIB_H 1
| #define HAVE_STRING_H 1
| #define HAVE_MEMORY_H 1
| #define HAVE_STRINGS_H 1
| #define HAVE_INTTYPES_H 1
| #define HAVE_STDINT_H 1
| #define HAVE_UNISTD_H 1
| /* end confdefs.h.  */
| #include <ao/ao.h>
configure:3749: result: no
configure:3749: checking for ao/ao.h
configure:3749: result: no
configure:3763: checking SDL/SDL.h usability
configure:3763: gcc -c  -Wno-unused-function -Wno-deprecated-declarations -Wno-overlength-strings  conftest.c >&5
configure:3763: $? = 0
configure:3763: result: yes
configure:3763: checking SDL/SDL.h presence
configure:3763: gcc -E  conftest.c
configure:3763: $? = 0
configure:3763: result: yes
configure:3763: checking for SDL/SDL.h
configure:3763: result: yes
configure:3827: checking linux/joystick.h usability
configure:3827: gcc -c  -Wno-unused-function -Wno-deprecated-declarations -Wno-overlength-strings  conftest.c >&5
configure:3827: $? = 0
configure:3827: result: yes
configure:3827: checking linux/joystick.h presence
configure:3827: gcc -E  conftest.c
configure:3827: $? = 0
configure:3827: result: yes
configure:3827: checking for linux/joystick.h
configure:3827: result: yes
configure:3839: checking linux/fb.h usability
configure:3839: gcc -c  -Wno-unused-function -Wno-deprecated-declarations -Wno-overlength-strings  conftest.c >&5
configure:3839: $? = 0
configure:3839: result: yes
configure:3839: checking linux/fb.h presence
configure:3839: gcc -E  conftest.c
configure:3839: $? = 0
configure:3839: result: yes
configure:3839: checking for linux/fb.h
configure:3839: result: yes
configure:3864: checking for vga_init in -lvga
configure:3889: gcc -o conftest  -Wno-unused-function -Wno-deprecated-declarations -Wno-overlength-strings   conftest.c -lvga   -L/usr/X11R6/lib -lSDL >&5
/usr/bin/ld: cannot find -lvga
collect2: error: ld returned 1 exit status
configure:3889: $? = 1
configure: failed program was:
| /* confdefs.h */
| #define PACKAGE_NAME ""
| #define PACKAGE_TARNAME ""
| #define PACKAGE_VERSION ""
| #define PACKAGE_STRING ""
| #define PACKAGE_BUGREPORT ""
| #define PACKAGE_URL ""
| #define STDC_HEADERS 1
| #define HAVE_SYS_TYPES_H 1
| #define HAVE_SYS_STAT_H 1
| #define HAVE_STDLIB_H 1
| #define HAVE_STRING_H 1
| #define HAVE_MEMORY_H 1
| #define HAVE_STRINGS_H 1
| #define HAVE_INTTYPES_H 1
| #define HAVE_STDINT_H 1
| #define HAVE_UNISTD_H 1
| #define HAVE_SDL_SDL_H 1
| #define HAVE_LINUX_JOYSTICK_H 1
| #define HAVE_LINUX_FB_H 1
| /* end confdefs.h.  */
| 
| /* Override any GCC internal prototype to avoid an error.
|    Use char because int might match the return type of a GCC
|    builtin and then its argument prototype would still apply.  */
| #ifdef __cplusplus
| extern "C"
| #endif
| char vga_init ();
| int
| main ()
| {
| return vga_init ();
|   ;
|   return 0;
| }
configure:3898: result: no
configure:3929: checking for SDL_Init in -lSDL2
configure:3954: gcc -o conftest  -Wno-unused-function -Wno-deprecated-declarations -Wno-overlength-strings   conftest.c -lSDL2 -lSDL2  -L/usr/X11R6/lib -lSDL >&5
configure:3954: $? = 0
configure:3963: result: yes
configure:3969: checking SDL2/SDL.h usability
configure:3969: gcc -c  -Wno-unused-function -Wno-deprecated-declarations -Wno-overlength-strings  conftest.c >&5
configure:3969: $? = 0
configure:3969: result: yes
configure:3969: checking SDL2/SDL.h presence
configure:3969: gcc -E  conftest.c
configure:3969: $? = 0
configure:3969: result: yes
configure:3969: checking for SDL2/SDL.h
configure:3969: result: yes
configure:4094: checking for X
configure:4202: gcc -E  conftest.c
configure:4202: $? = 0
configure:4233: gcc -o conftest  -Wno-unused-function -Wno-deprecated-declarations -Wno-overlength-strings   conftest.c -lX11  -L/usr/X11R6/lib -lSDL >&5
configure:4233: $? = 0
configure:4283: result: libraries , headers 
configure:4291: checking for XShmCreateImage in -lXext
configure:4316: gcc -o conftest  -Wno-unused-function -Wno-deprecated-declarations -Wno-overlength-strings   conftest.c -lXext   -L/usr/X11R6/lib -lSDL >&5
configure:4316: $? = 0
configure:4325: result: yes
configure:4335: checking for sys/ipc.h
configure:4335: gcc -c  -Wno-unused-function -Wno-deprecated-declarations -Wno-overlength-strings  conftest.c >&5
configure:4335: $? = 0
configure:4335: result: yes
configure:4335: checking for sys/shm.h
configure:4335: gcc -c  -Wno-unused-function -Wno-deprecated-declarations -Wno-overlength-strings  conftest.c >&5
configure:4335: $? = 0
configure:4335: result: yes
configure:4335: checking for X11/Xlib.h
configure:4335: gcc -c  -Wno-unused-function -Wno-deprecated-declarations -Wno-overlength-strings  conftest.c >&5
configure:4335: $? = 0
configure:4335: result: yes
configure:4335: checking for X11/Xutil.h
configure:4335: gcc -c  -Wno-unused-function -Wno-deprecated-declarations -Wno-overlength-strings  conftest.c >&5
configure:4335: $? = 0
configure:4335: result: yes
configure:4335: checking for X11/keysym.h
configure:4335: gcc -c  -Wno-unused-function -Wno-deprecated-declarations -Wno-overlength-strings  conftest.c >&5
configure:4335: $? = 0
configure:4335: result: yes
configure:4335: checking for X11/extensions/XShm.h
configure:4335: gcc -c  -Wno-unused-function -Wno-deprecated-declarations -Wno-overlength-strings  conftest.c >&5
configure:4335: $? = 0
configure:4335: result: yes
configure:4417: result: enabling selected compiler warnings
configure:4444: result: producing heavily optimized code
configure:4625: creating ./config.status

## ---------------------- ##
## Running config.status. ##
## ---------------------- ##

This file was extended by config.status, which was
generated by GNU Autoconf 2.69.  Invocation command line was

  CONFIG_FILES    = 
  CONFIG_HEADERS  = 
  CONFIG_LINKS    = 
  CONFIG_COMMANDS = 
  $ ./config.status 

on retropie

config.status:828: creating Makefile
config.status:828: creating sys/nix/config.h

## ---------------- ##
## Cache variables. ##
## ---------------- ##

ac_cv_c_bigendian=no
ac_cv_c_compiler_gnu=yes
ac_cv_env_CC_set=
ac_cv_env_CC_value=
ac_cv_env_CFLAGS_set=
ac_cv_env_CFLAGS_value=
ac_cv_env_CPPFLAGS_set=
ac_cv_env_CPPFLAGS_value=
ac_cv_env_CPP_set=
ac_cv_env_CPP_value=
ac_cv_env_LDFLAGS_set=
ac_cv_env_LDFLAGS_value=
ac_cv_env_LIBS_set=
ac_cv_env_LIBS_value=
ac_cv_env_XMKMF_set=
ac_cv_env_XMKMF_value=
ac_cv_env_build_alias_set=
ac_cv_env_build_alias_value=
ac_cv_env_host_alias_set=
ac_cv_env_host_alias_value=
ac_cv_env_target_alias_set=
ac_cv_env_target_alias_value=
ac_cv_have_x='have_x=yes	ac_x_includes='\'''\''	ac_x_libraries='\'''\'''
ac_cv_header_SDL2_SDL_h=yes
ac_cv_header_SDL_SDL_h=yes
ac_cv_header_X11_Xlib_h=yes
ac_cv_header_X11_Xutil_h=yes
ac_cv_header_X11_extensions_XShm_h=yes
ac_cv_header_X11_keysym_h=yes
ac_cv_header_ao_ao_h=no
ac_cv_header_inttypes_h=yes
ac_cv_header_linux_fb_h=yes
ac_cv_header_linux_joystick_h=yes
ac_cv_header_memory_h=yes
ac_cv_header_stdc=yes
ac_cv_header_stdint_h=yes
ac_cv_header_stdlib_h=yes
ac_cv_header_string_h=yes
ac_cv_header_strings_h=yes
ac_cv_header_sys_ipc_h=yes
ac_cv_header_sys_shm_h=yes
ac_cv_header_sys_stat_h=yes
ac_cv_header_sys_types_h=yes
ac_cv_header_unistd_h=yes
ac_cv_lib_SDL2_SDL_Init=yes
ac_cv_lib_Xext_XShmCreateImage=yes
ac_cv_lib_vga_vga_init=no
ac_cv_objext=o
ac_cv_path_EGREP='/bin/grep -E'
ac_cv_path_GREP=/bin/grep
ac_cv_path_install='/usr/bin/install -c'
ac_cv_prog_CPP='gcc -E'
ac_cv_prog_ac_ct_CC=gcc
ac_cv_prog_cc_c89=
ac_cv_prog_cc_g=yes

## ----------------- ##
## Output variables. ##
## ----------------- ##

ASM=''
ASM_OBJS=''
CC='gcc'
CFLAGS=' -Wno-unused-function -Wno-deprecated-declarations -Wno-overlength-strings -ansi -pedantic -Wall -O3 -fstrength-reduce -fthread-jumps  -fcse-follow-jumps -fcse-skip-blocks -frerun-cse-after-loop  -fexpensive-optimizations -fforce-addr -fomit-frame-pointer'
CPP='gcc -E'
CPPFLAGS=''
DEFS='-DHAVE_CONFIG_H'
ECHO_C=''
ECHO_N='-n'
ECHO_T=''
EGREP='/bin/grep -E'
ENDIAN='-DIS_LITTLE_ENDIAN'
EXEEXT=''
FB_OBJS='sys/linux/fbdev.o sys/linux/kb.o sys/pc/keymap.o'
GREP='/bin/grep'
INSTALL_DATA='${INSTALL} -m 644'
INSTALL_PROGRAM='${INSTALL}'
INSTALL_SCRIPT='${INSTALL}'
JOY='sys/linux/joy.o'
LDFLAGS=' -s'
LIBOBJS=''
LIBS=' -L/usr/X11R6/lib -lSDL'
LTLIBOBJS=''
OBJEXT='o'
PACKAGE_BUGREPORT=''
PACKAGE_NAME=''
PACKAGE_STRING=''
PACKAGE_TARNAME=''
PACKAGE_URL=''
PACKAGE_VERSION=''
PATH_SEPARATOR=':'
SDL2_LIBS='-lSDL2'
SDL_CFLAGS=''
SDL_LIBS=''
SHELL='/bin/bash'
SOUND='sys/sdl/sdl-audio.o'
SYS_DEFS=''
SYS_OBJS='sys/nix/nix.o'
TARGETS=' xgnuboy fbgnuboy sdl2gnuboy'
XINCS=''
XLIBS=''
XMKMF=''
ac_ct_CC='gcc'
bindir='${exec_prefix}/bin'
build_alias=''
datadir='${datarootdir}'
datarootdir='${prefix}/share'
docdir='${datarootdir}/doc/${PACKAGE}'
dvidir='${docdir}'
exec_prefix='${prefix}'
host_alias=''
htmldir='${docdir}'
includedir='${prefix}/include'
infodir='${datarootdir}/info'
libdir='${exec_prefix}/lib'
libexecdir='${exec_prefix}/libexec'
localedir='${datarootdir}/locale'
localstatedir='${prefix}/var'
mandir='${datarootdir}/man'
oldincludedir='/usr/include'
pdfdir='${docdir}'
prefix='/usr/local'
program_transform_name='s,x,x,'
psdir='${docdir}'
sbindir='${exec_prefix}/sbin'
sharedstatedir='${prefix}/com'
sysconfdir='${prefix}/etc'
target_alias=''

## ----------- ##
## confdefs.h. ##
## ----------- ##

/* confdefs.h */
#define PACKAGE_NAME ""
#define PACKAGE_TARNAME ""
#define PACKAGE_VERSION ""
#define PACKAGE_STRING ""
#define PACKAGE_BUGREPORT ""
#define PACKAGE_URL ""
#define STDC_HEADERS 1
#define HAVE_SYS_TYPES_H 1
#define HAVE_SYS_STAT_H 1
#define HAVE_STDLIB_H 1
#define HAVE_STRING_H 1
#define HAVE_MEMORY_H 1
#define HAVE_STRINGS_H 1
#define HAVE_INTTYPES_H 1
#define HAVE_STDINT_H 1
#define HAVE_UNISTD_H 1
#define HAVE_SDL_SDL_H 1
#define HAVE_LINUX_JOYSTICK_H 1
#define HAVE_LINUX_FB_H 1
#define HAVE_SDL2_SDL_H 1
#define HAVE_LIBXEXT 1
#define HAVE_SYS_IPC_H 1
#define HAVE_SYS_SHM_H 1
#define HAVE_X11_XLIB_H 1
#define HAVE_X11_XUTIL_H 1
#define HAVE_X11_KEYSYM_H 1
#define HAVE_X11_EXTENSIONS_XSHM_H 1

configure: exit 0
